<?xml version="1.0" encoding="UTF-8"?>
<!-- Generated by org.testng.reporters.JUnitReportReporter -->
<testsuite hostname="Subho_Sapta_PC" failures="0" tests="6" name="test.vendorPortal.VendorPortaltest" time="14.431" errors="0" timestamp="2024-05-12T14:54:35 IST" skipped="0">
  <testcase classname="test.vendorPortal.VendorPortaltest" name="dashboardTest" time="3.878"/>
  <testcase classname="test.vendorPortal.VendorPortaltest" name="loginTest" time="0.880"/>
  <testcase classname="test.vendorPortal.VendorPortaltest" name="dashboardTest" time="4.031"/>
  <testcase classname="test.vendorPortal.VendorPortaltest" name="loginTest" time="0.879"/>
  <testcase classname="test.vendorPortal.VendorPortaltest" name="dashboardTest" time="3.883"/>
  <testcase classname="test.vendorPortal.VendorPortaltest" name="loginTest" time="0.880"/>
</testsuite> <!-- test.vendorPortal.VendorPortaltest -->
