<?xml version="1.0" encoding="UTF-8"?>
<!-- Generated by org.testng.reporters.JUnitReportReporter -->
<testsuite hostname="Subho_Sapta_PC" failures="0" tests="20" name="tests.flightReservations.FlightReservationTest" time="26.670" errors="0" timestamp="2024-05-12T16:43:01 IST" skipped="0">
  <testcase classname="tests.flightReservations.FlightReservationTest" name="flightConfirmation" time="0.634"/>
  <testcase classname="tests.flightReservations.FlightReservationTest" name="flightConfirmation" time="0.658"/>
  <testcase classname="tests.flightReservations.FlightReservationTest" name="flightConfirmation" time="2.279"/>
  <testcase classname="tests.flightReservations.FlightReservationTest" name="flightSearch" time="1.440"/>
  <testcase classname="tests.flightReservations.FlightReservationTest" name="userRegistration" time="1.525"/>
  <testcase classname="tests.flightReservations.FlightReservationTest" name="userRegistrationConfirmation" time="0.191"/>
  <testcase classname="tests.flightReservations.FlightReservationTest" name="flightSearch" time="0.934"/>
  <testcase classname="tests.flightReservations.FlightReservationTest" name="userRegistrationConfirmation" time="1.839"/>
  <testcase classname="tests.flightReservations.FlightReservationTest" name="userRegistrationConfirmation" time="1.280"/>
  <testcase classname="tests.flightReservations.FlightReservationTest" name="flightSelection" time="1.882"/>
  <testcase classname="tests.flightReservations.FlightReservationTest" name="userRegistration" time="1.347"/>
  <testcase classname="tests.flightReservations.FlightReservationTest" name="flightSearch" time="2.573"/>
  <testcase classname="tests.flightReservations.FlightReservationTest" name="flightSelection" time="0.790"/>
  <testcase classname="tests.flightReservations.FlightReservationTest" name="userRegistration" time="1.337"/>
  <testcase classname="tests.flightReservations.FlightReservationTest" name="flightSelection" time="1.375"/>
  <testcase classname="tests.flightReservations.FlightReservationTest" name="userRegistration" time="1.337"/>
  <testcase classname="tests.flightReservations.FlightReservationTest" name="flightSearch" time="1.973"/>
  <testcase classname="tests.flightReservations.FlightReservationTest" name="userRegistrationConfirmation" time="1.283"/>
  <testcase classname="tests.flightReservations.FlightReservationTest" name="flightSelection" time="1.341"/>
  <testcase classname="tests.flightReservations.FlightReservationTest" name="flightConfirmation" time="0.652"/>
</testsuite> <!-- tests.flightReservations.FlightReservationTest -->
